/bin/bash: line 1: batch/target0.sh: Permission denied

------------------------------------------------------------
Sender: LSF System <lsfadmin@hpc.dtu.dk>
Subject: Job 24662719: <NONAME> in cluster <dcc> Exited

Job <NONAME> was submitted from host <hpclogin1> by user <s224169> in cluster <dcc> at Mon Apr 14 18:43:47 2025
Job was executed on host(s) <n-62-31-2>, in queue <hpc>, as user <s224169> in cluster <dcc> at Mon Apr 14 18:43:49 2025
</zhome/f5/d/187460> was used as the home directory.
</zhome/f5/d/187460/Desktop/EGNN_testing> was used as the working directory.
Started at Mon Apr 14 18:43:49 2025
Terminated at Mon Apr 14 18:43:59 2025
Results reported at Mon Apr 14 18:43:59 2025

Your job looked like:

------------------------------------------------------------
# LSBATCH: User input
batch/target0.sh
------------------------------------------------------------

Exited with exit code 126.

Resource usage summary:

    CPU time :                                   2.12 sec.
    Max Memory :                                 -
    Average Memory :                             -
    Total Requested Memory :                     1024.00 MB
    Delta Memory :                               -
    Max Swap :                                   -
    Max Processes :                              -
    Max Threads :                                -
    Run time :                                   62 sec.
    Turnaround time :                            12 sec.

The output (if any) is above this job summary.

